

*******************************************************************************
Tue Aug 20 23:19:13 2024


FIT:    data read from "dataA.txt" using 1:3
        format = x:z
        #datapoints = 79
        residuals are weighted equally (unit weight)

function used for fitting: f(x)
	f(x) = b + a*x**c
fitted parameters initialized with current variable values

iter      chisq       delta/lim  lambda   a             b            
   0 2.8596509464e+02   0.00e+00  1.00e+00    9.000000e+01   1.000000e+00
   3 1.7090271542e-02  -4.72e-04  1.00e-03    1.725398e+00  -1.703149e-03

After 3 iterations the fit converged.
final sum of squares of residuals : 0.0170903
rel. change during last iteration : -4.7193e-09

degrees of freedom    (FIT_NDF)                        : 77
rms of residuals      (FIT_STDFIT) = sqrt(WSSR/ndf)    : 0.014898
variance of residuals (reduced chisquare) = WSSR/ndf   : 0.000221952

Final set of parameters            Asymptotic Standard Error
=======================            ==========================
a               = 1.7254           +/- 0.2667       (15.46%)
b               = -0.00170315      +/- 0.002987     (175.4%)

correlation matrix of the fit parameters:
                a      b      
a               1.000 
b              -0.828  1.000 


*******************************************************************************
Tue Aug 20 23:19:13 2024


FIT:    data read from "dataA.txt" using 1:5
        format = x:z
        #datapoints = 79
        residuals are weighted equally (unit weight)

function used for fitting: f(x)
	f(x) = b + a*x**c
fitted parameters initialized with current variable values

iter      chisq       delta/lim  lambda   a             b            
   0 5.0124376384e-03   0.00e+00  1.37e-02    1.725398e+00  -1.703149e-03
   4 3.8990752483e-03  -1.11e-07  1.37e-06    1.622437e+00  -4.446800e-03

After 4 iterations the fit converged.
final sum of squares of residuals : 0.00389908
rel. change during last iteration : -1.10771e-12

degrees of freedom    (FIT_NDF)                        : 77
rms of residuals      (FIT_STDFIT) = sqrt(WSSR/ndf)    : 0.00711599
variance of residuals (reduced chisquare) = WSSR/ndf   : 5.06373e-05

Final set of parameters            Asymptotic Standard Error
=======================            ==========================
a               = 1.62244          +/- 0.1274       (7.852%)
b               = -0.0044468       +/- 0.001427     (32.08%)

correlation matrix of the fit parameters:
                a      b      
a               1.000 
b              -0.828  1.000 


*******************************************************************************
Tue Aug 20 23:19:13 2024


FIT:    data read from "dataA.txt" using 1:7
        format = x:z
        #datapoints = 79
        residuals are weighted equally (unit weight)

function used for fitting: f(x)
	f(x) = b + a*x**c
fitted parameters initialized with current variable values

iter      chisq       delta/lim  lambda   a             b            
   0 3.3899765109e-02   0.00e+00  1.32e-02    1.622437e+00  -4.446800e-03
   3 1.7932115675e-02  -2.86e-03  1.32e-05    3.163485e+00  -8.321148e-03

After 3 iterations the fit converged.
final sum of squares of residuals : 0.0179321
rel. change during last iteration : -2.86233e-08

degrees of freedom    (FIT_NDF)                        : 77
rms of residuals      (FIT_STDFIT) = sqrt(WSSR/ndf)    : 0.0152606
variance of residuals (reduced chisquare) = WSSR/ndf   : 0.000232885

Final set of parameters            Asymptotic Standard Error
=======================            ==========================
a               = 3.16349          +/- 0.2732       (8.636%)
b               = -0.00832115      +/- 0.003059     (36.77%)

correlation matrix of the fit parameters:
                a      b      
a               1.000 
b              -0.828  1.000 
